TN:
SF:/Users/greada/Workspace/Pixelass/stickyroll/react-stickyroll/components/inner/src/demo.tsx
FN:33,(anonymous_0)
FN:36,(anonymous_1)
FN:44,(anonymous_2)
FN:52,(anonymous_3)
FN:62,(anonymous_4)
FN:64,(anonymous_5)
FN:83,(anonymous_6)
FNF:7
FNH:0
FNDA:0,(anonymous_0)
FNDA:0,(anonymous_1)
FNDA:0,(anonymous_2)
FNDA:0,(anonymous_3)
FNDA:0,(anonymous_4)
FNDA:0,(anonymous_5)
FNDA:0,(anonymous_6)
DA:6,0
DA:18,0
DA:26,0
DA:33,0
DA:34,0
DA:37,0
DA:45,0
DA:53,0
DA:63,0
DA:64,0
DA:66,0
DA:84,0
LF:12
LH:0
BRF:0
BRH:0
end_of_record
TN:
SF:/Users/greada/Workspace/Pixelass/stickyroll/react-stickyroll/components/inner/src/index.ts
FNF:0
FNH:0
LF:0
LH:0
BRF:0
BRH:0
end_of_record
TN:
SF:/Users/greada/Workspace/Pixelass/stickyroll/react-stickyroll/components/inner/src/inner.tsx
FN:46,(anonymous_0)
FN:64,(anonymous_1)
FNF:2
FNH:0
FNDA:0,(anonymous_0)
FNDA:0,(anonymous_1)
DA:37,0
DA:46,0
DA:54,0
DA:62,0
DA:64,0
DA:71,0
LF:6
LH:0
BRDA:47,0,0,0
BRDA:47,0,1,0
BRF:2
BRH:0
end_of_record
TN:
SF:/Users/greada/Workspace/Pixelass/stickyroll/react-stickyroll/components/pagers/src/index.ts
FNF:0
FNH:0
LF:0
LH:0
BRF:0
BRH:0
end_of_record
TN:
SF:/Users/greada/Workspace/Pixelass/stickyroll/react-stickyroll/components/pagers/src/marker.tsx
FN:56,(anonymous_0)
FNF:1
FNH:0
FNDA:0,(anonymous_0)
DA:8,0
DA:56,0
DA:57,0
LF:3
LH:0
BRF:0
BRH:0
end_of_record
TN:
SF:/Users/greada/Workspace/Pixelass/stickyroll/react-stickyroll/components/themes/dist/theme.d.ts
FNF:0
FNH:0
LF:0
LH:0
BRF:0
BRH:0
end_of_record
TN:
SF:/Users/greada/Workspace/Pixelass/stickyroll/react-stickyroll/components/themes/dist/esm/theme.d.ts
FNF:0
FNH:0
LF:0
LH:0
BRF:0
BRH:0
end_of_record
TN:
SF:/Users/greada/Workspace/Pixelass/stickyroll/react-stickyroll/components/themes/src/amber.ts
FNF:0
FNH:0
DA:7,0
LF:1
LH:0
BRF:0
BRH:0
end_of_record
TN:
SF:/Users/greada/Workspace/Pixelass/stickyroll/react-stickyroll/components/themes/src/blue.ts
FNF:0
FNH:0
DA:7,0
LF:1
LH:0
BRF:0
BRH:0
end_of_record
TN:
SF:/Users/greada/Workspace/Pixelass/stickyroll/react-stickyroll/components/themes/src/cyan.ts
FNF:0
FNH:0
DA:7,0
LF:1
LH:0
BRF:0
BRH:0
end_of_record
TN:
SF:/Users/greada/Workspace/Pixelass/stickyroll/react-stickyroll/components/themes/src/dark.ts
FNF:0
FNH:0
DA:8,0
LF:1
LH:0
BRF:0
BRH:0
end_of_record
TN:
SF:/Users/greada/Workspace/Pixelass/stickyroll/react-stickyroll/components/themes/src/deep-orange.ts
FNF:0
FNH:0
DA:7,0
LF:1
LH:0
BRF:0
BRH:0
end_of_record
TN:
SF:/Users/greada/Workspace/Pixelass/stickyroll/react-stickyroll/components/themes/src/deep-purple.ts
FNF:0
FNH:0
DA:7,0
LF:1
LH:0
BRF:0
BRH:0
end_of_record
TN:
SF:/Users/greada/Workspace/Pixelass/stickyroll/react-stickyroll/components/themes/src/green.ts
FNF:0
FNH:0
DA:7,0
LF:1
LH:0
BRF:0
BRH:0
end_of_record
TN:
SF:/Users/greada/Workspace/Pixelass/stickyroll/react-stickyroll/components/themes/src/index.ts
FNF:0
FNH:0
LF:0
LH:0
BRF:0
BRH:0
end_of_record
TN:
SF:/Users/greada/Workspace/Pixelass/stickyroll/react-stickyroll/components/themes/src/indigo.ts
FNF:0
FNH:0
DA:7,0
LF:1
LH:0
BRF:0
BRH:0
end_of_record
TN:
SF:/Users/greada/Workspace/Pixelass/stickyroll/react-stickyroll/components/themes/src/light-blue.ts
FNF:0
FNH:0
DA:7,0
LF:1
LH:0
BRF:0
BRH:0
end_of_record
TN:
SF:/Users/greada/Workspace/Pixelass/stickyroll/react-stickyroll/components/themes/src/light-green.ts
FNF:0
FNH:0
DA:7,0
LF:1
LH:0
BRF:0
BRH:0
end_of_record
TN:
SF:/Users/greada/Workspace/Pixelass/stickyroll/react-stickyroll/components/themes/src/light.ts
FNF:0
FNH:0
DA:8,0
LF:1
LH:0
BRF:0
BRH:0
end_of_record
TN:
SF:/Users/greada/Workspace/Pixelass/stickyroll/react-stickyroll/components/themes/src/lime.ts
FNF:0
FNH:0
DA:7,0
LF:1
LH:0
BRF:0
BRH:0
end_of_record
TN:
SF:/Users/greada/Workspace/Pixelass/stickyroll/react-stickyroll/components/themes/src/orange.ts
FNF:0
FNH:0
DA:7,0
LF:1
LH:0
BRF:0
BRH:0
end_of_record
TN:
SF:/Users/greada/Workspace/Pixelass/stickyroll/react-stickyroll/components/themes/src/pink.ts
FNF:0
FNH:0
DA:7,0
LF:1
LH:0
BRF:0
BRH:0
end_of_record
TN:
SF:/Users/greada/Workspace/Pixelass/stickyroll/react-stickyroll/components/themes/src/purple.ts
FNF:0
FNH:0
DA:7,0
LF:1
LH:0
BRF:0
BRH:0
end_of_record
TN:
SF:/Users/greada/Workspace/Pixelass/stickyroll/react-stickyroll/components/themes/src/red.ts
FNF:0
FNH:0
DA:7,0
LF:1
LH:0
BRF:0
BRH:0
end_of_record
TN:
SF:/Users/greada/Workspace/Pixelass/stickyroll/react-stickyroll/components/themes/src/teal.ts
FNF:0
FNH:0
DA:7,0
LF:1
LH:0
BRF:0
BRH:0
end_of_record
TN:
SF:/Users/greada/Workspace/Pixelass/stickyroll/react-stickyroll/components/themes/src/theme.ts
FNF:0
FNH:0
LF:0
LH:0
BRF:0
BRH:0
end_of_record
TN:
SF:/Users/greada/Workspace/Pixelass/stickyroll/react-stickyroll/components/themes/src/yellow.ts
FNF:0
FNH:0
DA:7,0
LF:1
LH:0
BRF:0
BRH:0
end_of_record
TN:
SF:/Users/greada/Workspace/Pixelass/stickyroll/react-stickyroll/packages/decorators/src/index.ts
FNF:0
FNH:0
LF:0
LH:0
BRF:0
BRH:0
end_of_record
TN:
SF:/Users/greada/Workspace/Pixelass/stickyroll/react-stickyroll/packages/decorators/src/page.tsx
FN:15,(anonymous_0)
FN:16,(anonymous_1)
FN:18,(anonymous_2)
FNF:3
FNH:0
FNDA:0,(anonymous_0)
FNDA:0,(anonymous_1)
FNDA:0,(anonymous_2)
DA:15,0
DA:16,0
DA:17,0
DA:19,0
LF:4
LH:0
BRF:0
BRH:0
end_of_record
TN:
SF:/Users/greada/Workspace/Pixelass/stickyroll/react-stickyroll/packages/decorators/src/progress.tsx
FN:15,(anonymous_0)
FN:16,(anonymous_1)
FN:18,(anonymous_2)
FNF:3
FNH:0
FNDA:0,(anonymous_0)
FNDA:0,(anonymous_1)
FNDA:0,(anonymous_2)
DA:15,0
DA:16,0
DA:17,0
DA:18,0
LF:4
LH:0
BRF:0
BRH:0
end_of_record
TN:
SF:/Users/greada/Workspace/Pixelass/stickyroll/react-stickyroll/packages/decorators/test/index.ts
FN:3,(anonymous_0)
FNF:1
FNH:0
FNDA:0,(anonymous_0)
DA:3,0
DA:4,0
LF:2
LH:0
BRF:0
BRH:0
end_of_record
TN:
SF:/Users/greada/Workspace/Pixelass/stickyroll/react-stickyroll/packages/stickyroll/src/index.ts
FNF:0
FNH:0
LF:0
LH:0
BRF:0
BRH:0
end_of_record
TN:
SF:/Users/greada/Workspace/Pixelass/stickyroll/react-stickyroll/packages/stickyroll/test/index.ts
FN:3,(anonymous_0)
FNF:1
FNH:0
FNDA:0,(anonymous_0)
DA:3,0
DA:4,0
LF:2
LH:0
BRF:0
BRH:0
end_of_record
TN:
SF:/Users/greada/Workspace/Pixelass/stickyroll/react-stickyroll/packages/utils/src/assert.ts
FN:7,(anonymous_0)
FNF:1
FNH:0
FNDA:0,(anonymous_0)
DA:7,0
DA:8,0
DA:9,0
DA:10,0
DA:11,0
DA:13,0
DA:14,0
DA:16,0
DA:17,0
DA:19,0
DA:20,0
DA:21,0
DA:23,0
DA:24,0
DA:25,0
DA:27,0
DA:28,0
LF:17
LH:0
BRDA:9,0,0,0
BRDA:9,0,1,0
BRDA:10,1,0,0
BRDA:10,1,1,0
BRDA:13,2,0,0
BRDA:13,2,1,0
BRDA:16,3,0,0
BRDA:16,3,1,0
BRDA:19,4,0,0
BRDA:19,4,1,0
BRDA:20,5,0,0
BRDA:20,5,1,0
BRDA:23,6,0,0
BRDA:23,6,1,0
BRDA:24,7,0,0
BRDA:24,7,1,0
BRDA:27,8,0,0
BRDA:27,8,1,0
BRF:18
BRH:0
end_of_record
TN:
SF:/Users/greada/Workspace/Pixelass/stickyroll/react-stickyroll/packages/utils/src/class-names.ts
FN:1,(anonymous_0)
FNF:1
FNH:0
FNDA:0,(anonymous_0)
DA:1,0
DA:2,0
LF:2
LH:0
BRF:0
BRH:0
end_of_record
TN:
SF:/Users/greada/Workspace/Pixelass/stickyroll/react-stickyroll/packages/utils/src/hash-code.ts
FN:7,murmurhash
FN:41,(anonymous_1)
FN:45,generateAlphabeticName
FN:57,(anonymous_3)
FNF:4
FNH:0
FNDA:0,murmurhash
FNDA:0,(anonymous_1)
FNDA:0,generateAlphabeticName
FNDA:0,(anonymous_3)
DA:8,0
DA:9,0
DA:21,0
DA:23,0
DA:25,0
DA:27,0
DA:30,0
DA:31,0
DA:32,0
DA:38,0
DA:41,0
DA:42,0
DA:46,0
DA:50,0
DA:51,0
DA:54,0
DA:57,0
LF:17
LH:0
BRDA:21,0,0,0
BRDA:21,0,1,0
BRDA:21,0,2,0
BRDA:42,1,0,0
BRDA:42,1,1,0
BRF:5
BRH:0
end_of_record
TN:
SF:/Users/greada/Workspace/Pixelass/stickyroll/react-stickyroll/packages/utils/src/index.ts
FNF:0
FNH:0
LF:0
LH:0
BRF:0
BRH:0
end_of_record
TN:
SF:/Users/greada/Workspace/Pixelass/stickyroll/react-stickyroll/packages/utils/src/scroll-to.ts
FN:17,(anonymous_0)
FNF:1
FNH:0
FNDA:0,(anonymous_0)
DA:17,0
DA:22,0
DA:23,0
DA:25,0
DA:26,0
DA:27,0
DA:37,0
LF:7
LH:0
BRDA:20,0,0,0
BRDA:22,1,0,0
BRDA:22,1,1,0
BRDA:26,2,0,0
BRDA:26,2,1,0
BRF:5
BRH:0
end_of_record
TN:
SF:/Users/greada/Workspace/Pixelass/stickyroll/react-stickyroll/packages/utils/src/throttle.ts
FN:8,(anonymous_0)
FN:12,(anonymous_1)
FN:20,(anonymous_2)
FNF:3
FNH:0
FNDA:0,(anonymous_0)
FNDA:0,(anonymous_1)
FNDA:0,(anonymous_2)
DA:8,0
DA:10,0
DA:11,0
DA:12,0
DA:13,0
DA:14,0
DA:15,0
DA:16,0
DA:17,0
DA:20,0
DA:21,0
DA:22,0
DA:23,0
DA:24,0
DA:25,0
DA:26,0
DA:27,0
DA:28,0
DA:29,0
DA:31,0
DA:32,0
DA:33,0
DA:34,0
DA:35,0
DA:37,0
LF:25
LH:0
BRDA:8,0,0,0
BRDA:13,1,0,0
BRDA:13,1,1,0
BRDA:16,2,0,0
BRDA:16,2,1,0
BRDA:22,3,0,0
BRDA:22,3,1,0
BRDA:22,4,0,0
BRDA:22,4,1,0
BRDA:26,5,0,0
BRDA:26,5,1,0
BRDA:26,6,0,0
BRDA:26,6,1,0
BRDA:27,7,0,0
BRDA:27,7,1,0
BRDA:33,8,0,0
BRDA:33,8,1,0
BRDA:34,9,0,0
BRDA:34,9,1,0
BRDA:34,10,0,0
BRDA:34,10,1,0
BRF:21
BRH:0
end_of_record
TN:
SF:/Users/greada/Workspace/Pixelass/stickyroll/react-stickyroll/packages/utils/test/index.ts
FN:4,(anonymous_0)
FN:10,(anonymous_1)
FN:16,(anonymous_2)
FN:22,(anonymous_3)
FN:28,(anonymous_4)
FN:34,(anonymous_5)
FN:40,(anonymous_6)
FN:41,(anonymous_7)
FN:42,(anonymous_8)
FN:43,(anonymous_9)
FN:44,(anonymous_10)
FN:45,(anonymous_11)
FN:46,(anonymous_12)
FN:47,(anonymous_13)
FN:50,(anonymous_14)
FN:51,(anonymous_15)
FN:52,(anonymous_16)
FN:53,(anonymous_17)
FN:54,(anonymous_18)
FN:55,(anonymous_19)
FN:56,(anonymous_20)
FN:57,(anonymous_21)
FN:60,(anonymous_22)
FN:61,(anonymous_23)
FN:62,(anonymous_24)
FN:63,(anonymous_25)
FN:64,(anonymous_26)
FN:65,(anonymous_27)
FN:66,(anonymous_28)
FN:67,(anonymous_29)
FN:70,(anonymous_30)
FN:71,(anonymous_31)
FN:72,(anonymous_32)
FN:73,(anonymous_33)
FN:74,(anonymous_34)
FN:75,(anonymous_35)
FN:76,(anonymous_36)
FN:77,(anonymous_37)
FN:80,(anonymous_38)
FN:81,(anonymous_39)
FN:82,(anonymous_40)
FN:83,(anonymous_41)
FN:84,(anonymous_42)
FN:85,(anonymous_43)
FN:86,(anonymous_44)
FN:87,(anonymous_45)
FN:90,(anonymous_46)
FN:91,(anonymous_47)
FN:92,(anonymous_48)
FN:93,(anonymous_49)
FN:94,(anonymous_50)
FN:95,(anonymous_51)
FN:96,(anonymous_52)
FN:97,(anonymous_53)
FNF:54
FNH:0
FNDA:0,(anonymous_0)
FNDA:0,(anonymous_1)
FNDA:0,(anonymous_2)
FNDA:0,(anonymous_3)
FNDA:0,(anonymous_4)
FNDA:0,(anonymous_5)
FNDA:0,(anonymous_6)
FNDA:0,(anonymous_7)
FNDA:0,(anonymous_8)
FNDA:0,(anonymous_9)
FNDA:0,(anonymous_10)
FNDA:0,(anonymous_11)
FNDA:0,(anonymous_12)
FNDA:0,(anonymous_13)
FNDA:0,(anonymous_14)
FNDA:0,(anonymous_15)
FNDA:0,(anonymous_16)
FNDA:0,(anonymous_17)
FNDA:0,(anonymous_18)
FNDA:0,(anonymous_19)
FNDA:0,(anonymous_20)
FNDA:0,(anonymous_21)
FNDA:0,(anonymous_22)
FNDA:0,(anonymous_23)
FNDA:0,(anonymous_24)
FNDA:0,(anonymous_25)
FNDA:0,(anonymous_26)
FNDA:0,(anonymous_27)
FNDA:0,(anonymous_28)
FNDA:0,(anonymous_29)
FNDA:0,(anonymous_30)
FNDA:0,(anonymous_31)
FNDA:0,(anonymous_32)
FNDA:0,(anonymous_33)
FNDA:0,(anonymous_34)
FNDA:0,(anonymous_35)
FNDA:0,(anonymous_36)
FNDA:0,(anonymous_37)
FNDA:0,(anonymous_38)
FNDA:0,(anonymous_39)
FNDA:0,(anonymous_40)
FNDA:0,(anonymous_41)
FNDA:0,(anonymous_42)
FNDA:0,(anonymous_43)
FNDA:0,(anonymous_44)
FNDA:0,(anonymous_45)
FNDA:0,(anonymous_46)
FNDA:0,(anonymous_47)
FNDA:0,(anonymous_48)
FNDA:0,(anonymous_49)
FNDA:0,(anonymous_50)
FNDA:0,(anonymous_51)
FNDA:0,(anonymous_52)
FNDA:0,(anonymous_53)
DA:4,0
DA:5,0
DA:6,0
DA:7,0
DA:10,0
DA:11,0
DA:12,0
DA:13,0
DA:16,0
DA:17,0
DA:18,0
DA:19,0
DA:22,0
DA:23,0
DA:24,0
DA:25,0
DA:28,0
DA:29,0
DA:30,0
DA:31,0
DA:34,0
DA:35,0
DA:36,0
DA:37,0
DA:40,0
DA:41,0
DA:42,0
DA:43,0
DA:44,0
DA:45,0
DA:46,0
DA:47,0
DA:50,0
DA:51,0
DA:52,0
DA:53,0
DA:54,0
DA:55,0
DA:56,0
DA:57,0
DA:60,0
DA:61,0
DA:62,0
DA:63,0
DA:64,0
DA:65,0
DA:66,0
DA:67,0
DA:70,0
DA:71,0
DA:72,0
DA:73,0
DA:74,0
DA:75,0
DA:76,0
DA:77,0
DA:80,0
DA:81,0
DA:82,0
DA:83,0
DA:84,0
DA:85,0
DA:86,0
DA:87,0
DA:90,0
DA:91,0
DA:92,0
DA:93,0
DA:94,0
DA:95,0
DA:96,0
DA:97,0
LF:72
LH:0
BRF:0
BRH:0
end_of_record
TN:
SF:/Users/greada/Workspace/Pixelass/stickyroll/react-stickyroll/src/context/src/context.ts
FNF:0
FNH:0
DA:21,0
DA:29,0
LF:2
LH:0
BRF:0
BRH:0
end_of_record
TN:
SF:/Users/greada/Workspace/Pixelass/stickyroll/react-stickyroll/src/context/src/index.ts
FNF:0
FNH:0
LF:0
LH:0
BRF:0
BRH:0
end_of_record
TN:
SF:/Users/greada/Workspace/Pixelass/stickyroll/react-stickyroll/src/context/test/index.ts
FN:3,(anonymous_0)
FNF:1
FNH:0
FNDA:0,(anonymous_0)
DA:3,0
DA:4,0
LF:2
LH:0
BRF:0
BRH:0
end_of_record
TN:
SF:/Users/greada/Workspace/Pixelass/stickyroll/react-stickyroll/src/frame/src/index.ts
FNF:0
FNH:0
LF:0
LH:0
BRF:0
BRH:0
end_of_record
TN:
SF:/Users/greada/Workspace/Pixelass/stickyroll/react-stickyroll/src/frame/test/index.tsx
FN:26,(anonymous_0)
FN:36,(anonymous_1)
FN:44,(anonymous_2)
FN:54,(anonymous_3)
FN:56,(anonymous_4)
FN:60,(anonymous_5)
FN:63,(anonymous_6)
FN:67,(anonymous_7)
FN:70,(anonymous_8)
FN:74,(anonymous_9)
FN:75,(anonymous_10)
FN:80,(anonymous_11)
FN:82,(anonymous_12)
FN:87,(anonymous_13)
FN:89,(anonymous_14)
FN:94,(anonymous_15)
FN:96,(anonymous_16)
FN:101,(anonymous_17)
FN:103,(anonymous_18)
FN:108,(anonymous_19)
FN:113,(anonymous_20)
FN:118,(anonymous_21)
FN:121,(anonymous_22)
FN:125,(anonymous_23)
FN:127,(anonymous_24)
FN:132,(anonymous_25)
FN:133,(anonymous_26)
FNF:27
FNH:0
FNDA:0,(anonymous_0)
FNDA:0,(anonymous_1)
FNDA:0,(anonymous_2)
FNDA:0,(anonymous_3)
FNDA:0,(anonymous_4)
FNDA:0,(anonymous_5)
FNDA:0,(anonymous_6)
FNDA:0,(anonymous_7)
FNDA:0,(anonymous_8)
FNDA:0,(anonymous_9)
FNDA:0,(anonymous_10)
FNDA:0,(anonymous_11)
FNDA:0,(anonymous_12)
FNDA:0,(anonymous_13)
FNDA:0,(anonymous_14)
FNDA:0,(anonymous_15)
FNDA:0,(anonymous_16)
FNDA:0,(anonymous_17)
FNDA:0,(anonymous_18)
FNDA:0,(anonymous_19)
FNDA:0,(anonymous_20)
FNDA:0,(anonymous_21)
FNDA:0,(anonymous_22)
FNDA:0,(anonymous_23)
FNDA:0,(anonymous_24)
FNDA:0,(anonymous_25)
FNDA:0,(anonymous_26)
DA:8,0
DA:18,0
DA:26,0
DA:33,0
DA:36,0
DA:41,0
DA:45,0
DA:54,0
DA:55,0
DA:56,0
DA:57,0
DA:60,0
DA:61,0
DA:62,0
DA:63,0
DA:64,0
DA:67,0
DA:68,0
DA:69,0
DA:70,0
DA:71,0
DA:74,0
DA:75,0
DA:76,0
DA:77,0
DA:80,0
DA:81,0
DA:82,0
DA:83,0
DA:84,0
DA:87,0
DA:88,0
DA:89,0
DA:90,0
DA:91,0
DA:94,0
DA:95,0
DA:96,0
DA:97,0
DA:98,0
DA:101,0
DA:102,0
DA:103,0
DA:104,0
DA:105,0
DA:108,0
DA:109,0
DA:110,0
DA:111,0
DA:112,0
DA:113,0
DA:115,0
DA:118,0
DA:119,0
DA:120,0
DA:121,0
DA:122,0
DA:125,0
DA:126,0
DA:127,0
DA:129,0
DA:132,0
DA:133,0
DA:134,0
LF:64
LH:0
BRDA:26,0,0,0
BRDA:27,1,0,0
BRDA:28,2,0,0
BRDA:29,3,0,0
BRDA:30,4,0,0
BRDA:31,5,0,0
BRDA:37,6,0,0
BRDA:38,7,0,0
BRDA:39,8,0,0
BRDA:45,9,0,0
BRDA:45,9,1,0
BRDA:49,10,0,0
BRDA:49,10,1,0
BRDA:51,11,0,0
BRDA:51,11,1,0
BRF:15
BRH:0
end_of_record
TN:
SF:/Users/greada/Workspace/Pixelass/stickyroll/react-stickyroll/src/tracker/src/index.ts
FNF:0
FNH:0
LF:0
LH:0
BRF:0
BRH:0
end_of_record
TN:
SF:/Users/greada/Workspace/Pixelass/stickyroll/react-stickyroll/src/tracker/test/index.ts
FN:3,(anonymous_0)
FNF:1
FNH:0
FNDA:0,(anonymous_0)
DA:3,0
DA:4,0
LF:2
LH:0
BRF:0
BRH:0
end_of_record
